


ARM Macro Assembler    Page 1 


    1 00000000         ;/******************************************************
                       ***********************/
    2 00000000         ; OSasm.s: low-level OS commands, written in assembly   
                                           */
    3 00000000         ; Runs on LM4F120/TM4C123
    4 00000000         ; A very simple real time operating system with minimal 
                       features.
    5 00000000         ; Daniel Valvano
    6 00000000         ; January 29, 2015
    7 00000000         ;
    8 00000000         ; This example accompanies the book
    9 00000000         ;  "Embedded Systems: Real Time Interfacing to ARM Corte
                       x M Microcontrollers",
   10 00000000         ;  ISBN: 978-1463590154, Jonathan Valvano, copyright (c)
                        2015
   11 00000000         ;
   12 00000000         ;  Programs 4.4 through 4.12, section 4.2
   13 00000000         ;
   14 00000000         ;Copyright 2015 by Jonathan W. Valvano, valvano@mail.ute
                       xas.edu
   15 00000000         ;    You may use, edit, run or distribute this file
   16 00000000         ;    as long as the above copyright notice remains
   17 00000000         ; THIS SOFTWARE IS PROVIDED "AS IS".  NO WARRANTIES, WHE
                       THER EXPRESS, IMPLIED
   18 00000000         ; OR STATUTORY, INCLUDING, BUT NOT LIMITED TO, IMPLIED W
                       ARRANTIES OF
   19 00000000         ; MERCHANTABILITY AND FITNESS FOR A PARTICULAR PURPOSE A
                       PPLY TO THIS SOFTWARE.
   20 00000000         ; VALVANO SHALL NOT, IN ANY CIRCUMSTANCES, BE LIABLE FOR
                        SPECIAL, INCIDENTAL,
   21 00000000         ; OR CONSEQUENTIAL DAMAGES, FOR ANY REASON WHATSOEVER.
   22 00000000         ; For more information about my classes, my research, an
                       d my books, see
   23 00000000         ; http://users.ece.utexas.edu/~valvano/
   24 00000000         ; */
   25 00000000         
   26 00000000                 AREA             |.text|, CODE, READONLY, ALIGN=
2
   27 00000000                 THUMB
   28 00000000                 REQUIRE8
   29 00000000                 PRESERVE8
   30 00000000         
   31 00000000                 IMPORT           Scheduler
   32 00000000         
   33 00000000                 EXTERN           RunPt       ; currently running
                                                             thread
   34 00000000                 EXPORT           OS_DisableInterrupts
   35 00000000                 EXPORT           OS_EnableInterrupts
   36 00000000                 EXPORT           StartOS
   37 00000000                 EXPORT           SysTick_Handler
   38 00000000                 EXPORT           PendSV_Handler
   39 00000000         
   40 00000000         
   41 00000000         OS_DisableInterrupts
   42 00000000 B672            CPSID            I
   43 00000002 4770            BX               LR
   44 00000004         
   45 00000004         
   46 00000004         OS_EnableInterrupts



ARM Macro Assembler    Page 2 


   47 00000004 B662            CPSIE            I
   48 00000006 4770            BX               LR
   49 00000008         
   50 00000008         
   51 00000008         SysTick_Handler                      ; 1) Saves R0-R3,R1
                                                            2,LR,PC,PSR
   52 00000008 B672            CPSID            I           ; 2) Prevent interr
                                                            upt during switch
   53 0000000A E92D 0FF0       PUSH             {R4-R11}    ; 3) Save remaining
                                                             regs r4-11
   54 0000000E 4817            LDR              R0, =RunPt  ; 4) R0=pointer to 
                                                            RunPt, old thread
   55 00000010 6801            LDR              R1, [R0]    ;    R1 = RunPt
   56 00000012 F8C1 D000       STR              SP, [R1]    ; 5) Save SP into T
                                                            CB
   57 00000016 B501            PUSH             {R0, LR}
   58 00000018 F7FF FFFE       BL               Scheduler
   59 0000001C E8BD 4001       POP              {R0, LR}
   60 00000020 6801            LDR              R1, [R0]    ; 7) new thread SP;
                                                             SP = RunPt->sp;
   61 00000022 F8D1 D000       LDR              SP, [R1]
   62 00000026 E8BD 0FF0       POP              {R4-R11}    ; 8) restore regs r
                                                            4-11
   63 0000002A B662            CPSIE            I           ; 9) tasks run with
                                                             interrupts enabled
                                                            
   64 0000002C 4770            BX               LR          ; 10) restore R0-R3
                                                            ,R12,LR,PC,PSR
   65 0000002E         
   66 0000002E         PendSV_Handler                       ; 1) Saves R0-R3,R1
                                                            2,LR,PC,PSR - switc
                                                            hes context in OSKi
                                                            ll
   67 0000002E B672            CPSID            I           ; 2) Prevent interr
                                                            upt during switch
   68 00000030         ;   PUSH    {R4-R11}           ; 3) Save remaining regs 
                       r4-11
   69 00000030         ;    LDR     R1, [R0]           ;    R1 = RunPt (value o
                       ld thread)
   70 00000030         ;    STR     SP, [R1]           ; 5) Save SP into TCB
   71 00000030 B500            PUSH             {LR}
   72 00000032 F7FF FFFE       BL               Scheduler
   73 00000036 F85D EB04       POP              {LR}
   74 0000003A 480C            LDR              R0, =RunPt  ; 4) R0=pointer to 
                                                            RunPt, contains old
                                                             thread
   75 0000003C 6801            LDR              R1, [R0]    ; 7) new thread SP;
                                                             SP = RunPt->sp;
   76 0000003E F8D1 D000       LDR              SP, [R1]
   77 00000042 E8BD 0FF0       POP              {R4-R11}    ; 8) restore regs r
                                                            4-11
   78 00000046 B662            CPSIE            I           ; 9) tasks run with
                                                             interrupts enabled
                                                            
   79 00000048 4770            BX               LR          ; 10) restore R0-R3
                                                            ,R12,LR,PC,PSR
   80 0000004A         
   81 0000004A         
   82 0000004A         StartOS



ARM Macro Assembler    Page 3 


   83 0000004A 4808            LDR              R0, =RunPt  ; currently running
                                                             thread
   84 0000004C 6802            LDR              R2, [R0]    ; R2 = value of Run
                                                            Pt
   85 0000004E F8D2 D000       LDR              SP, [R2]    ; new thread SP; SP
                                                             = RunPt->stackPoin
                                                            ter;
   86 00000052 E8BD 0FF0       POP              {R4-R11}    ; restore regs r4-1
                                                            1
   87 00000056 BC0F            POP              {R0-R3}     ; restore regs r0-3
                                                            
   88 00000058 F85D CB04       POP              {R12}
   89 0000005C F85D EB04       POP              {LR}        ; discard LR from i
                                                            nitial stack
   90 00000060 F85D EB04       POP              {LR}        ; start location
   91 00000064 BC02            POP              {R1}        ; discard PSR
   92 00000066 B662            CPSIE            I           ; Enable interrupts
                                                             at processor level
                                                            
   93 00000068 4770            BX               LR          ; start first threa
                                                            d
   94 0000006A         
   95 0000006A 00 00           ALIGN
   96 0000006C                 END
              00000000 
Command Line: --debug --xref --cpu=Cortex-M4 --apcs=interwork --depend=.\osasm.
d -o.\osasm.o -IC:\Keil\ARM\RV31\INC -IC:\Keil\ARM\CMSIS\Include -IC:\Keil\ARM\
Inc\Luminary --predefine="__MICROLIB SETA 1" --list=.\osasm.lst ..\LiuWareTM4C1
23Lab3\osasm.s



ARM Macro Assembler    Page 1 Alphabetic symbol ordering
Relocatable symbols

.text 00000000

Symbol: .text
   Definitions
      At line 26 in file ..\LiuWareTM4C123Lab3\osasm.s
   Uses
      None
Comment: .text unused
OS_DisableInterrupts 00000000

Symbol: OS_DisableInterrupts
   Definitions
      At line 41 in file ..\LiuWareTM4C123Lab3\osasm.s
   Uses
      At line 34 in file ..\LiuWareTM4C123Lab3\osasm.s
Comment: OS_DisableInterrupts used once
OS_EnableInterrupts 00000004

Symbol: OS_EnableInterrupts
   Definitions
      At line 46 in file ..\LiuWareTM4C123Lab3\osasm.s
   Uses
      At line 35 in file ..\LiuWareTM4C123Lab3\osasm.s
Comment: OS_EnableInterrupts used once
PendSV_Handler 0000002E

Symbol: PendSV_Handler
   Definitions
      At line 66 in file ..\LiuWareTM4C123Lab3\osasm.s
   Uses
      At line 38 in file ..\LiuWareTM4C123Lab3\osasm.s
Comment: PendSV_Handler used once
StartOS 0000004A

Symbol: StartOS
   Definitions
      At line 82 in file ..\LiuWareTM4C123Lab3\osasm.s
   Uses
      At line 36 in file ..\LiuWareTM4C123Lab3\osasm.s
Comment: StartOS used once
SysTick_Handler 00000008

Symbol: SysTick_Handler
   Definitions
      At line 51 in file ..\LiuWareTM4C123Lab3\osasm.s
   Uses
      At line 37 in file ..\LiuWareTM4C123Lab3\osasm.s
Comment: SysTick_Handler used once
6 symbols



ARM Macro Assembler    Page 1 Alphabetic symbol ordering
External symbols

RunPt 00000000

Symbol: RunPt
   Definitions
      At line 33 in file ..\LiuWareTM4C123Lab3\osasm.s
   Uses
      At line 54 in file ..\LiuWareTM4C123Lab3\osasm.s
      At line 74 in file ..\LiuWareTM4C123Lab3\osasm.s
      At line 83 in file ..\LiuWareTM4C123Lab3\osasm.s

Scheduler 00000000

Symbol: Scheduler
   Definitions
      At line 31 in file ..\LiuWareTM4C123Lab3\osasm.s
   Uses
      At line 58 in file ..\LiuWareTM4C123Lab3\osasm.s
      At line 72 in file ..\LiuWareTM4C123Lab3\osasm.s

2 symbols
341 symbols in table
